{
  "stats": {
    "suites": 1,
    "tests": 1,
    "passes": 0,
    "pending": 0,
    "failures": 1,
    "start": "2025-04-18T12:43:51.635Z",
    "end": "2025-04-18T12:44:08.652Z",
    "duration": 17017,
    "testsRegistered": 1,
    "passPercent": 0,
    "pendingPercent": 0,
    "other": 0,
    "hasOther": false,
    "skipped": 0,
    "hasSkipped": false
  },
  "results": [
    {
      "uuid": "6634036b-e5d5-4a70-b880-7e4539d03901",
      "title": "",
      "fullFile": "cypress\\e2e\\browserNavigation.cy.ts",
      "file": "cypress\\e2e\\browserNavigation.cy.ts",
      "beforeHooks": [],
      "afterHooks": [],
      "tests": [],
      "suites": [
        {
          "uuid": "b991c1ac-8af3-4634-b5b1-3b1ea0cda6b5",
          "title": "browser navigation",
          "fullFile": "",
          "file": "",
          "beforeHooks": [],
          "afterHooks": [],
          "tests": [
            {
              "title": "should redirect to forward and backward using browser navigation",
              "fullTitle": "browser navigation should redirect to forward and backward using browser navigation",
              "timedOut": null,
              "duration": 16942,
              "state": "failed",
              "speed": null,
              "pass": false,
              "fail": true,
              "pending": false,
              "context": "{\n  \"title\": \"cypress-mochawesome-reporter-screenshots\",\n  \"value\": [\n    [\n      \"\\\\browserNavigation.cy.ts\\\\browser navigation -- should redirect to forward and backward using browser navigation (failed).png\"\n    ]\n  ]\n}",
              "code": "cy.visitRoute('/login');\n// cy.screenshot();\ncy.get('#register').click();\ncy.url({ timeout: 10000 }).should('include', '/login');\ncy.go('back');\ncy.url({ timeout: 20000 }).should('include', '/login');\ncy.go('forward');\ncy.url({ timeout: 30000 }).should('include', '/register');",
              "err": {
                "message": "AssertionError: Timed out retrying after 10000ms: expected 'http://localhost:4200/register' to include '/login'",
                "estack": "AssertionError: Timed out retrying after 10000ms: expected 'http://localhost:4200/register' to include '/login'\n    at Context.eval (webpack://chat-app/./cypress/e2e/browserNavigation.cy.ts:8:31)",
                "diff": null
              },
              "uuid": "354f6513-d1ff-4625-a3e2-6d2bdba768e7",
              "parentUUID": "b991c1ac-8af3-4634-b5b1-3b1ea0cda6b5",
              "isHook": false,
              "skipped": false
            }
          ],
          "suites": [],
          "passes": [],
          "failures": [
            "354f6513-d1ff-4625-a3e2-6d2bdba768e7"
          ],
          "pending": [],
          "skipped": [],
          "duration": 16942,
          "root": false,
          "rootEmpty": false,
          "_timeout": 2000
        }
      ],
      "passes": [],
      "failures": [],
      "pending": [],
      "skipped": [],
      "duration": 0,
      "root": true,
      "rootEmpty": true,
      "_timeout": 2000
    }
  ],
  "meta": {
    "mocha": {
      "version": "7.2.0"
    },
    "mochawesome": {
      "options": {
        "quiet": false,
        "reportFilename": "mochawesome",
        "saveHtml": false,
        "saveJson": true,
        "consoleReporter": "spec",
        "useInlineDiffs": false,
        "code": true
      },
      "version": "7.1.3"
    },
    "marge": {
      "options": {
        "overwrite": false,
        "html": false,
        "json": true,
        "reportDir": "cypress\\reports\\html\\.jsons"
      },
      "version": "6.2.0"
    }
  }
}