{
  "stats": {
    "suites": 1,
    "tests": 3,
    "passes": 3,
    "pending": 0,
    "failures": 0,
    "start": "2025-04-18T12:44:12.385Z",
    "end": "2025-04-18T12:44:20.736Z",
    "duration": 8351,
    "testsRegistered": 3,
    "passPercent": 100,
    "pendingPercent": 0,
    "other": 0,
    "hasOther": false,
    "skipped": 0,
    "hasSkipped": false
  },
  "results": [
    {
      "uuid": "ef39b49b-cf8b-4556-b016-11e8d461677f",
      "title": "",
      "fullFile": "cypress\\e2e\\login.cy.ts",
      "file": "cypress\\e2e\\login.cy.ts",
      "beforeHooks": [],
      "afterHooks": [],
      "tests": [],
      "suites": [
        {
          "uuid": "1d8f72c6-762d-48a1-927b-d9b03b7fe65e",
          "title": "Login Page",
          "fullFile": "",
          "file": "",
          "beforeHooks": [],
          "afterHooks": [],
          "tests": [
            {
              "title": "should show validation message when inputs are empty and form is submitted",
              "fullTitle": "Login Page should show validation message when inputs are empty and form is submitted",
              "timedOut": null,
              "duration": 1815,
              "state": "passed",
              "speed": "fast",
              "pass": true,
              "fail": false,
              "pending": false,
              "context": null,
              "code": "cy.visitRoute('/login');\ncy.get('[data-testid=\"email-input\"]').focus();\ncy.get('[data-testid=\"password-input\"]').focus();\ncy.contains('Email is required!!').should('be.visible');\ncy.get('[data-testid=\"email-input\"]').focus();\ncy.contains('Password is required!!').should('be.visible');",
              "err": {},
              "uuid": "bfd44bdb-a708-4ad4-9a6f-1d3edda91fa3",
              "parentUUID": "1d8f72c6-762d-48a1-927b-d9b03b7fe65e",
              "isHook": false,
              "skipped": false
            },
            {
              "title": "should not login",
              "fullTitle": "Login Page should not login",
              "timedOut": null,
              "duration": 2136,
              "state": "passed",
              "speed": "fast",
              "pass": true,
              "fail": false,
              "pending": false,
              "context": null,
              "code": "cy.visitRoute('/login');\nloginPage.fillEmail('xy@gmail.com');\nloginPage.fillPassword('Xyz@1234');\nloginPage.submit();\ncy.on('window:alert', (text) => {\n    expect(text).to.contains('Login Failed :');\n});",
              "err": {},
              "uuid": "2a4ae911-961c-460b-bfcb-1bebdd22e663",
              "parentUUID": "1d8f72c6-762d-48a1-927b-d9b03b7fe65e",
              "isHook": false,
              "skipped": false
            },
            {
              "title": "should open login page and login to chat application",
              "fullTitle": "Login Page should open login page and login to chat application",
              "timedOut": null,
              "duration": 4245,
              "state": "passed",
              "speed": "fast",
              "pass": true,
              "fail": false,
              "pending": false,
              "context": null,
              "code": "cy.visitRoute('/login');\nloginPage.fillEmail('xyz@gmail.com');\nloginPage.fillPassword('Xyz@1234');\nloginPage.submit();\ncy.on('window:alert', (text) => {\n    expect(text).to.contains('Logged in Successfully');\n});\nloginPage.shouldRedirectedToHome();\ncy.get('app-header', { timeout: 10000 }).should('be.visible');\ncy.get('app-header .navbar .navbar-item .name', { timeout: 10000 }).should('contain', 'mudra');",
              "err": {},
              "uuid": "86060b92-8d05-4e1e-b6ca-06cc4a036bf2",
              "parentUUID": "1d8f72c6-762d-48a1-927b-d9b03b7fe65e",
              "isHook": false,
              "skipped": false
            }
          ],
          "suites": [],
          "passes": [
            "bfd44bdb-a708-4ad4-9a6f-1d3edda91fa3",
            "2a4ae911-961c-460b-bfcb-1bebdd22e663",
            "86060b92-8d05-4e1e-b6ca-06cc4a036bf2"
          ],
          "failures": [],
          "pending": [],
          "skipped": [],
          "duration": 8196,
          "root": false,
          "rootEmpty": false,
          "_timeout": 2000
        }
      ],
      "passes": [],
      "failures": [],
      "pending": [],
      "skipped": [],
      "duration": 0,
      "root": true,
      "rootEmpty": true,
      "_timeout": 2000
    }
  ],
  "meta": {
    "mocha": {
      "version": "7.2.0"
    },
    "mochawesome": {
      "options": {
        "quiet": false,
        "reportFilename": "mochawesome",
        "saveHtml": false,
        "saveJson": true,
        "consoleReporter": "spec",
        "useInlineDiffs": false,
        "code": true
      },
      "version": "7.1.3"
    },
    "marge": {
      "options": {
        "overwrite": false,
        "html": false,
        "json": true,
        "reportDir": "cypress\\reports\\html\\.jsons"
      },
      "version": "6.2.0"
    }
  }
}